<?xml version="1.0" encoding="UTF-8"?>
<!-- Generated by org.testng.reporters.JUnitXMLReporter -->
<testsuite ignored="0" hostname="Prakashs-MacBook-Pro.local" failures="0" tests="2" name="Akamai CareerSite Automation Suite" time="45.47" errors="0" timestamp="2023-01-04T21:39:51 CET">
  <testcase classname="io.cucumber.testng.AbstractTestNGCucumberTests" name="runScenario" time="22.648"/>
  <testcase classname="io.cucumber.testng.AbstractTestNGCucumberTests" name="runScenario" time="21.474"/>
</testsuite> <!-- Akamai CareerSite Automation Suite -->
