<?xml version="1.0" encoding="UTF-8"?>
<testng-results ignored="0" total="2" passed="2" failed="0" skipped="0">
  <reporter-output>
  </reporter-output>
  <suite started-at="2023-01-04T21:39:05 CET" name="Akamai CareerSite Automation Suite" finished-at="2023-01-04T21:39:51 CET" duration-ms="45470">
    <groups>
      <group name="cucumber">
        <method signature="AbstractTestNGCucumberTests.runScenario(io.cucumber.testng.PickleWrapper,io.cucumber.testng.FeatureWrapper)[pri:0, instance:com.akamai.careersite.testRunner.testRunner@53aac487]" name="runScenario" class="io.cucumber.testng.AbstractTestNGCucumberTests"/>
      </group> <!-- cucumber -->
    </groups>
    <test started-at="2023-01-04T21:39:05 CET" name="Akamai CareerSite Automation Suite" finished-at="2023-01-04T21:39:51 CET" duration-ms="45470">
      <class name="com.akamai.careersite.testRunner.testRunner">
        <test-method is-config="true" signature="setUpClass(org.testng.ITestContext)[pri:0, instance:com.akamai.careersite.testRunner.testRunner@53aac487]" started-at="2023-01-04T21:39:05 CET" name="setUpClass" finished-at="2023-01-04T21:39:07 CET" duration-ms="1292" status="PASS">
          <params>
            <param index="0">
              <value>
                <![CDATA[org.testng.TestRunner@333d4a8c]]>
              </value>
            </param>
          </params>
          <reporter-output>
          </reporter-output>
        </test-method> <!-- setUpClass -->
        <test-method signature="runScenario(io.cucumber.testng.PickleWrapper,io.cucumber.testng.FeatureWrapper)[pri:0, instance:com.akamai.careersite.testRunner.testRunner@53aac487]" started-at="2023-01-04T21:39:07 CET" name="runScenario" description="Runs Cucumber Scenarios" data-provider="scenarios" finished-at="2023-01-04T21:39:29 CET" duration-ms="22648" status="PASS">
          <params>
            <param index="0">
              <value>
                <![CDATA["Search for a job matching given criteria"]]>
              </value>
            </param>
            <param index="1">
              <value>
                <![CDATA["Customer is notified when no offers match given criteria"]]>
              </value>
            </param>
          </params>
          <reporter-output>
          </reporter-output>
        </test-method> <!-- runScenario -->
        <test-method signature="runScenario(io.cucumber.testng.PickleWrapper,io.cucumber.testng.FeatureWrapper)[pri:0, instance:com.akamai.careersite.testRunner.testRunner@53aac487]" started-at="2023-01-04T21:39:29 CET" name="runScenario" description="Runs Cucumber Scenarios" data-provider="scenarios" finished-at="2023-01-04T21:39:51 CET" duration-ms="21474" status="PASS">
          <params>
            <param index="0">
              <value>
                <![CDATA["Search for a job matching given criteria"]]>
              </value>
            </param>
            <param index="1">
              <value>
                <![CDATA["Unlogged customer is able to search for a job"]]>
              </value>
            </param>
          </params>
          <reporter-output>
          </reporter-output>
        </test-method> <!-- runScenario -->
        <test-method is-config="true" signature="tearDownClass()[pri:0, instance:com.akamai.careersite.testRunner.testRunner@53aac487]" started-at="2023-01-04T21:39:51 CET" name="tearDownClass" finished-at="2023-01-04T21:39:51 CET" duration-ms="11" status="PASS">
          <reporter-output>
          </reporter-output>
        </test-method> <!-- tearDownClass -->
      </class> <!-- com.akamai.careersite.testRunner.testRunner -->
    </test> <!-- Akamai CareerSite Automation Suite -->
  </suite> <!-- Akamai CareerSite Automation Suite -->
</testng-results>
